<?xml version="1.0" encoding="UTF-8"?>
<!-- Generated by org.testng.reporters.JUnitXMLReporter -->
<testsuite hostname="Smi-Dell" ignored="0" name="CRM TEST" tests="22" failures="1" timestamp="24 Oct 2018 01:06:46 GMT" time="352.778" errors="0">
  <testcase name="clickCalendarPageTest" time="1.564" classname="com.crm.qa.pageTest.homePageTest"/>
  <testcase name="clickCasePageTest" time="1.193" classname="com.crm.qa.pageTest.homePageTest"/>
  <testcase name="clickCompanyPageTest" time="1.204" classname="com.crm.qa.pageTest.homePageTest"/>
  <testcase name="clickContactPagTest" time="1.06" classname="com.crm.qa.pageTest.homePageTest"/>
  <testcase name="clickDealsPageTest" time="1.385" classname="com.crm.qa.pageTest.homePageTest"/>
  <testcase name="clickTasksPageTest" time="2.656" classname="com.crm.qa.pageTest.homePageTest"/>
  <testcase name="validateLoginPageTitleTest" time="0.05" classname="com.crm.qa.pageTest.loginPageTest"/>
  <testcase name="verifyHomePageTitleTest" time="0.031" classname="com.crm.qa.pageTest.homePageTest"/>
  <testcase name="verifyCalenderWidgetTest" time="0.058" classname="com.crm.qa.pageTest.calendarPageTest"/>
  <testcase name="VerifyNewContactsLabelTest" time="0.085" classname="com.crm.qa.pageTest.contactsPageTest"/>
  <testcase name="validateCRMLogoImageTest" time="0.097" classname="com.crm.qa.pageTest.loginPageTest"/>
  <testcase name="verifyLoginUserTest" time="0.107" classname="com.crm.qa.pageTest.homePageTest"/>
  <testcase name="verifyDisplayedCurrentDateTest" time="1.001" classname="com.crm.qa.pageTest.calendarPageTest">
    <failure type="java.lang.AssertionError" message="expected [October 23Today 2018] but found [October 24Today 2018]">
      <![CDATA[java.lang.AssertionError: expected [October 23Today 2018] but found [October 24Today 2018]
at com.crm.qa.pageTest.calendarPageTest.verifyDisplayedCurrentDateTest(calendarPageTest.java:63)
at java.util.concurrent.ThreadPoolExecutor.runWorker(ThreadPoolExecutor.java:1149)
at java.util.concurrent.ThreadPoolExecutor$Worker.run(ThreadPoolExecutor.java:624)
at java.lang.Thread.run(Thread.java:748)
... Removed 16 stack frames]]>
    </failure>
  </testcase> <!-- verifyDisplayedCurrentDateTest -->
  <testcase name="addNewContactsTest" time="2.556" classname="com.crm.qa.pageTest.contactsPageTest"/>
  <testcase name="addNewContactsTest" time="2.901" classname="com.crm.qa.pageTest.contactsPageTest"/>
  <testcase name="addNewContactsTest" time="2.123" classname="com.crm.qa.pageTest.contactsPageTest"/>
  <testcase name="addNewContactsTest" time="2.69" classname="com.crm.qa.pageTest.contactsPageTest"/>
  <testcase name="loginTest" time="5.553" classname="com.crm.qa.pageTest.loginPageTest"/>
  <testcase name="verifySavedContactTest" time="1.855" classname="com.crm.qa.pageTest.contactsPageTest"/>
  <testcase name="verifySavedContactTest" time="1.415" classname="com.crm.qa.pageTest.contactsPageTest"/>
  <testcase name="verifySavedContactTest" time="1.424" classname="com.crm.qa.pageTest.contactsPageTest"/>
  <testcase name="verifySavedContactTest" time="1.423" classname="com.crm.qa.pageTest.contactsPageTest"/>
</testsuite> <!-- CRM TEST -->
