<?xml version="1.0" encoding="UTF-8"?>
<testng-results skipped="0" failed="1" ignored="0" total="22" passed="21">
  <reporter-output>
  </reporter-output>
  <suite name="CRMPRE TEST" duration-ms="352778" started-at="2018-10-24T01:00:53Z" finished-at="2018-10-24T01:06:46Z">
    <groups>
    </groups>
    <test name="CRM TEST" duration-ms="352778" started-at="2018-10-24T01:00:53Z" finished-at="2018-10-24T01:06:46Z">
      <class name="com.crm.qa.pageTest.homePageTest">
        <test-method status="PASS" signature="setup()[pri:0, instance:com.crm.qa.pageTest.homePageTest@2b2948e2]" name="setup" is-config="true" duration-ms="14906" started-at="2018-10-24T01:00:53Z" finished-at="2018-10-24T01:01:08Z">
          <reporter-output>
          </reporter-output>
        </test-method> <!-- setup -->
        <test-method status="PASS" signature="clickCalendarPageTest()[pri:0, instance:com.crm.qa.pageTest.homePageTest@2b2948e2]" name="clickCalendarPageTest" duration-ms="1564" started-at="2018-10-24T01:01:08Z" finished-at="2018-10-24T01:01:09Z">
          <reporter-output>
          </reporter-output>
        </test-method> <!-- clickCalendarPageTest -->
        <test-method status="PASS" signature="tearDown()[pri:0, instance:com.crm.qa.pageTest.homePageTest@2b2948e2]" name="tearDown" is-config="true" duration-ms="810" started-at="2018-10-24T01:01:09Z" finished-at="2018-10-24T01:01:10Z">
          <reporter-output>
          </reporter-output>
        </test-method> <!-- tearDown -->
        <test-method status="PASS" signature="setup()[pri:0, instance:com.crm.qa.pageTest.homePageTest@2b2948e2]" name="setup" is-config="true" duration-ms="11845" started-at="2018-10-24T01:01:10Z" finished-at="2018-10-24T01:01:22Z">
          <reporter-output>
          </reporter-output>
        </test-method> <!-- setup -->
        <test-method status="PASS" signature="clickCasePageTest()[pri:0, instance:com.crm.qa.pageTest.homePageTest@2b2948e2]" name="clickCasePageTest" duration-ms="1193" started-at="2018-10-24T01:01:22Z" finished-at="2018-10-24T01:01:23Z">
          <reporter-output>
          </reporter-output>
        </test-method> <!-- clickCasePageTest -->
        <test-method status="PASS" signature="tearDown()[pri:0, instance:com.crm.qa.pageTest.homePageTest@2b2948e2]" name="tearDown" is-config="true" duration-ms="969" started-at="2018-10-24T01:01:23Z" finished-at="2018-10-24T01:01:24Z">
          <reporter-output>
          </reporter-output>
        </test-method> <!-- tearDown -->
        <test-method status="PASS" signature="setup()[pri:0, instance:com.crm.qa.pageTest.homePageTest@2b2948e2]" name="setup" is-config="true" duration-ms="12548" started-at="2018-10-24T01:01:24Z" finished-at="2018-10-24T01:01:37Z">
          <reporter-output>
          </reporter-output>
        </test-method> <!-- setup -->
        <test-method status="PASS" signature="clickCompanyPageTest()[pri:0, instance:com.crm.qa.pageTest.homePageTest@2b2948e2]" name="clickCompanyPageTest" duration-ms="1204" started-at="2018-10-24T01:01:37Z" finished-at="2018-10-24T01:01:38Z">
          <reporter-output>
          </reporter-output>
        </test-method> <!-- clickCompanyPageTest -->
        <test-method status="PASS" signature="tearDown()[pri:0, instance:com.crm.qa.pageTest.homePageTest@2b2948e2]" name="tearDown" is-config="true" duration-ms="999" started-at="2018-10-24T01:01:38Z" finished-at="2018-10-24T01:01:39Z">
          <reporter-output>
          </reporter-output>
        </test-method> <!-- tearDown -->
        <test-method status="PASS" signature="setup()[pri:0, instance:com.crm.qa.pageTest.homePageTest@2b2948e2]" name="setup" is-config="true" duration-ms="11430" started-at="2018-10-24T01:01:39Z" finished-at="2018-10-24T01:01:50Z">
          <reporter-output>
          </reporter-output>
        </test-method> <!-- setup -->
        <test-method status="PASS" signature="clickContactPagTest()[pri:0, instance:com.crm.qa.pageTest.homePageTest@2b2948e2]" name="clickContactPagTest" duration-ms="1060" started-at="2018-10-24T01:01:50Z" finished-at="2018-10-24T01:01:51Z">
          <reporter-output>
          </reporter-output>
        </test-method> <!-- clickContactPagTest -->
        <test-method status="PASS" signature="tearDown()[pri:0, instance:com.crm.qa.pageTest.homePageTest@2b2948e2]" name="tearDown" is-config="true" duration-ms="921" started-at="2018-10-24T01:01:51Z" finished-at="2018-10-24T01:01:52Z">
          <reporter-output>
          </reporter-output>
        </test-method> <!-- tearDown -->
        <test-method status="PASS" signature="setup()[pri:0, instance:com.crm.qa.pageTest.homePageTest@2b2948e2]" name="setup" is-config="true" duration-ms="16772" started-at="2018-10-24T01:01:52Z" finished-at="2018-10-24T01:02:09Z">
          <reporter-output>
          </reporter-output>
        </test-method> <!-- setup -->
        <test-method status="PASS" signature="clickDealsPageTest()[pri:0, instance:com.crm.qa.pageTest.homePageTest@2b2948e2]" name="clickDealsPageTest" duration-ms="1385" started-at="2018-10-24T01:02:09Z" finished-at="2018-10-24T01:02:10Z">
          <reporter-output>
          </reporter-output>
        </test-method> <!-- clickDealsPageTest -->
        <test-method status="PASS" signature="tearDown()[pri:0, instance:com.crm.qa.pageTest.homePageTest@2b2948e2]" name="tearDown" is-config="true" duration-ms="1057" started-at="2018-10-24T01:02:10Z" finished-at="2018-10-24T01:02:12Z">
          <reporter-output>
          </reporter-output>
        </test-method> <!-- tearDown -->
        <test-method status="PASS" signature="setup()[pri:0, instance:com.crm.qa.pageTest.homePageTest@2b2948e2]" name="setup" is-config="true" duration-ms="13383" started-at="2018-10-24T01:02:12Z" finished-at="2018-10-24T01:02:25Z">
          <reporter-output>
          </reporter-output>
        </test-method> <!-- setup -->
        <test-method status="PASS" signature="clickTasksPageTest()[pri:0, instance:com.crm.qa.pageTest.homePageTest@2b2948e2]" name="clickTasksPageTest" duration-ms="2656" started-at="2018-10-24T01:02:25Z" finished-at="2018-10-24T01:02:28Z">
          <reporter-output>
          </reporter-output>
        </test-method> <!-- clickTasksPageTest -->
        <test-method status="PASS" signature="tearDown()[pri:0, instance:com.crm.qa.pageTest.homePageTest@2b2948e2]" name="tearDown" is-config="true" duration-ms="973" started-at="2018-10-24T01:02:28Z" finished-at="2018-10-24T01:02:29Z">
          <reporter-output>
          </reporter-output>
        </test-method> <!-- tearDown -->
        <test-method status="PASS" signature="setup()[pri:0, instance:com.crm.qa.pageTest.homePageTest@2b2948e2]" name="setup" is-config="true" duration-ms="14165" started-at="2018-10-24T01:02:41Z" finished-at="2018-10-24T01:02:55Z">
          <reporter-output>
          </reporter-output>
        </test-method> <!-- setup -->
        <test-method status="PASS" signature="verifyHomePageTitleTest()[pri:1, instance:com.crm.qa.pageTest.homePageTest@2b2948e2]" name="verifyHomePageTitleTest" duration-ms="31" started-at="2018-10-24T01:02:55Z" finished-at="2018-10-24T01:02:55Z">
          <reporter-output>
          </reporter-output>
        </test-method> <!-- verifyHomePageTitleTest -->
        <test-method status="PASS" signature="tearDown()[pri:0, instance:com.crm.qa.pageTest.homePageTest@2b2948e2]" name="tearDown" is-config="true" duration-ms="853" started-at="2018-10-24T01:02:55Z" finished-at="2018-10-24T01:02:56Z">
          <reporter-output>
          </reporter-output>
        </test-method> <!-- tearDown -->
        <test-method status="PASS" signature="setup()[pri:0, instance:com.crm.qa.pageTest.homePageTest@2b2948e2]" name="setup" is-config="true" duration-ms="12331" started-at="2018-10-24T01:03:33Z" finished-at="2018-10-24T01:03:46Z">
          <reporter-output>
          </reporter-output>
        </test-method> <!-- setup -->
        <test-method status="PASS" signature="verifyLoginUserTest()[pri:2, instance:com.crm.qa.pageTest.homePageTest@2b2948e2]" name="verifyLoginUserTest" duration-ms="107" started-at="2018-10-24T01:03:46Z" finished-at="2018-10-24T01:03:46Z">
          <reporter-output>
          </reporter-output>
        </test-method> <!-- verifyLoginUserTest -->
        <test-method status="PASS" signature="tearDown()[pri:0, instance:com.crm.qa.pageTest.homePageTest@2b2948e2]" name="tearDown" is-config="true" duration-ms="827" started-at="2018-10-24T01:03:46Z" finished-at="2018-10-24T01:03:47Z">
          <reporter-output>
          </reporter-output>
        </test-method> <!-- tearDown -->
      </class> <!-- com.crm.qa.pageTest.homePageTest -->
      <class name="com.crm.qa.pageTest.contactsPageTest">
        <test-method status="PASS" signature="setUp()[pri:0, instance:com.crm.qa.pageTest.contactsPageTest@57536d79]" name="setUp" is-config="true" duration-ms="14173" started-at="2018-10-24T01:03:09Z" finished-at="2018-10-24T01:03:23Z">
          <reporter-output>
          </reporter-output>
        </test-method> <!-- setUp -->
        <test-method status="PASS" signature="VerifyNewContactsLabelTest()[pri:1, instance:com.crm.qa.pageTest.contactsPageTest@57536d79]" name="VerifyNewContactsLabelTest" duration-ms="85" started-at="2018-10-24T01:03:23Z" finished-at="2018-10-24T01:03:23Z">
          <reporter-output>
          </reporter-output>
        </test-method> <!-- VerifyNewContactsLabelTest -->
        <test-method status="PASS" signature="tearDown()[pri:0, instance:com.crm.qa.pageTest.contactsPageTest@57536d79]" name="tearDown" is-config="true" duration-ms="939" started-at="2018-10-24T01:03:23Z" finished-at="2018-10-24T01:03:24Z">
          <reporter-output>
          </reporter-output>
        </test-method> <!-- tearDown -->
        <test-method status="PASS" signature="setUp()[pri:0, instance:com.crm.qa.pageTest.contactsPageTest@57536d79]" name="setUp" is-config="true" duration-ms="14483" started-at="2018-10-24T01:04:04Z" finished-at="2018-10-24T01:04:19Z">
          <reporter-output>
          </reporter-output>
        </test-method> <!-- setUp -->
        <test-method status="PASS" signature="addNewContactsTest(java.lang.String, java.lang.String, java.lang.String, java.lang.String, java.lang.String)[pri:2, instance:com.crm.qa.pageTest.contactsPageTest@57536d79]" name="addNewContactsTest" duration-ms="2556" started-at="2018-10-24T01:04:19Z" data-provider="getContactsTestData" finished-at="2018-10-24T01:04:21Z">
          <params>
            <param index="0">
              <value>
                <![CDATA[Mr.]]>
              </value>
            </param>
            <param index="1">
              <value>
                <![CDATA[Larson1]]>
              </value>
            </param>
            <param index="2">
              <value>
                <![CDATA[Thareja]]>
              </value>
            </param>
            <param index="3">
              <value>
                <![CDATA[ECE]]>
              </value>
            </param>
            <param index="4">
              <value>
                <![CDATA[BOM]]>
              </value>
            </param>
          </params>
          <reporter-output>
          </reporter-output>
        </test-method> <!-- addNewContactsTest -->
        <test-method status="PASS" signature="tearDown()[pri:0, instance:com.crm.qa.pageTest.contactsPageTest@57536d79]" name="tearDown" is-config="true" duration-ms="844" started-at="2018-10-24T01:04:21Z" finished-at="2018-10-24T01:04:22Z">
          <reporter-output>
          </reporter-output>
        </test-method> <!-- tearDown -->
        <test-method status="PASS" signature="setUp()[pri:0, instance:com.crm.qa.pageTest.contactsPageTest@57536d79]" name="setUp" is-config="true" duration-ms="15293" started-at="2018-10-24T01:04:22Z" finished-at="2018-10-24T01:04:37Z">
          <reporter-output>
          </reporter-output>
        </test-method> <!-- setUp -->
        <test-method status="PASS" signature="addNewContactsTest(java.lang.String, java.lang.String, java.lang.String, java.lang.String, java.lang.String)[pri:2, instance:com.crm.qa.pageTest.contactsPageTest@57536d79]" name="addNewContactsTest" duration-ms="2901" started-at="2018-10-24T01:04:37Z" data-provider="getContactsTestData" finished-at="2018-10-24T01:04:40Z">
          <params>
            <param index="0">
              <value>
                <![CDATA[Mrs.]]>
              </value>
            </param>
            <param index="1">
              <value>
                <![CDATA[Veerson1]]>
              </value>
            </param>
            <param index="2">
              <value>
                <![CDATA[Gupta]]>
              </value>
            </param>
            <param index="3">
              <value>
                <![CDATA[TCE]]>
              </value>
            </param>
            <param index="4">
              <value>
                <![CDATA[BGH]]>
              </value>
            </param>
          </params>
          <reporter-output>
          </reporter-output>
        </test-method> <!-- addNewContactsTest -->
        <test-method status="PASS" signature="tearDown()[pri:0, instance:com.crm.qa.pageTest.contactsPageTest@57536d79]" name="tearDown" is-config="true" duration-ms="888" started-at="2018-10-24T01:04:40Z" finished-at="2018-10-24T01:04:41Z">
          <reporter-output>
          </reporter-output>
        </test-method> <!-- tearDown -->
        <test-method status="PASS" signature="setUp()[pri:0, instance:com.crm.qa.pageTest.contactsPageTest@57536d79]" name="setUp" is-config="true" duration-ms="15651" started-at="2018-10-24T01:04:41Z" finished-at="2018-10-24T01:04:57Z">
          <reporter-output>
          </reporter-output>
        </test-method> <!-- setUp -->
        <test-method status="PASS" signature="addNewContactsTest(java.lang.String, java.lang.String, java.lang.String, java.lang.String, java.lang.String)[pri:2, instance:com.crm.qa.pageTest.contactsPageTest@57536d79]" name="addNewContactsTest" duration-ms="2123" started-at="2018-10-24T01:04:57Z" data-provider="getContactsTestData" finished-at="2018-10-24T01:04:59Z">
          <params>
            <param index="0">
              <value>
                <![CDATA[Miss]]>
              </value>
            </param>
            <param index="1">
              <value>
                <![CDATA[Harson1]]>
              </value>
            </param>
            <param index="2">
              <value>
                <![CDATA[Kumar]]>
              </value>
            </param>
            <param index="3">
              <value>
                <![CDATA[TRU]]>
              </value>
            </param>
            <param index="4">
              <value>
                <![CDATA[TRY]]>
              </value>
            </param>
          </params>
          <reporter-output>
          </reporter-output>
        </test-method> <!-- addNewContactsTest -->
        <test-method status="PASS" signature="tearDown()[pri:0, instance:com.crm.qa.pageTest.contactsPageTest@57536d79]" name="tearDown" is-config="true" duration-ms="908" started-at="2018-10-24T01:04:59Z" finished-at="2018-10-24T01:05:00Z">
          <reporter-output>
          </reporter-output>
        </test-method> <!-- tearDown -->
        <test-method status="PASS" signature="setUp()[pri:0, instance:com.crm.qa.pageTest.contactsPageTest@57536d79]" name="setUp" is-config="true" duration-ms="15517" started-at="2018-10-24T01:05:00Z" finished-at="2018-10-24T01:05:15Z">
          <reporter-output>
          </reporter-output>
        </test-method> <!-- setUp -->
        <test-method status="PASS" signature="addNewContactsTest(java.lang.String, java.lang.String, java.lang.String, java.lang.String, java.lang.String)[pri:2, instance:com.crm.qa.pageTest.contactsPageTest@57536d79]" name="addNewContactsTest" duration-ms="2690" started-at="2018-10-24T01:05:15Z" data-provider="getContactsTestData" finished-at="2018-10-24T01:05:18Z">
          <params>
            <param index="0">
              <value>
                <![CDATA[Miss]]>
              </value>
            </param>
            <param index="1">
              <value>
                <![CDATA[Jeffrey1]]>
              </value>
            </param>
            <param index="2">
              <value>
                <![CDATA[Hoda]]>
              </value>
            </param>
            <param index="3">
              <value>
                <![CDATA[ERD]]>
              </value>
            </param>
            <param index="4">
              <value>
                <![CDATA[TED]]>
              </value>
            </param>
          </params>
          <reporter-output>
          </reporter-output>
        </test-method> <!-- addNewContactsTest -->
        <test-method status="PASS" signature="tearDown()[pri:0, instance:com.crm.qa.pageTest.contactsPageTest@57536d79]" name="tearDown" is-config="true" duration-ms="907" started-at="2018-10-24T01:05:18Z" finished-at="2018-10-24T01:05:19Z">
          <reporter-output>
          </reporter-output>
        </test-method> <!-- tearDown -->
        <test-method status="PASS" signature="setUp()[pri:0, instance:com.crm.qa.pageTest.contactsPageTest@57536d79]" name="setUp" is-config="true" duration-ms="16196" started-at="2018-10-24T01:05:36Z" finished-at="2018-10-24T01:05:53Z">
          <reporter-output>
          </reporter-output>
        </test-method> <!-- setUp -->
        <test-method status="PASS" signature="verifySavedContactTest(java.lang.String, java.lang.String, java.lang.String, java.lang.String, java.lang.String)[pri:3, instance:com.crm.qa.pageTest.contactsPageTest@57536d79]" name="verifySavedContactTest" duration-ms="1855" started-at="2018-10-24T01:05:53Z" data-provider="getContactsTestData" finished-at="2018-10-24T01:05:55Z">
          <params>
            <param index="0">
              <value>
                <![CDATA[Mr.]]>
              </value>
            </param>
            <param index="1">
              <value>
                <![CDATA[Larson1]]>
              </value>
            </param>
            <param index="2">
              <value>
                <![CDATA[Thareja]]>
              </value>
            </param>
            <param index="3">
              <value>
                <![CDATA[ECE]]>
              </value>
            </param>
            <param index="4">
              <value>
                <![CDATA[BOM]]>
              </value>
            </param>
          </params>
          <reporter-output>
          </reporter-output>
        </test-method> <!-- verifySavedContactTest -->
        <test-method status="PASS" signature="tearDown()[pri:0, instance:com.crm.qa.pageTest.contactsPageTest@57536d79]" name="tearDown" is-config="true" duration-ms="848" started-at="2018-10-24T01:05:55Z" finished-at="2018-10-24T01:05:55Z">
          <reporter-output>
          </reporter-output>
        </test-method> <!-- tearDown -->
        <test-method status="PASS" signature="setUp()[pri:0, instance:com.crm.qa.pageTest.contactsPageTest@57536d79]" name="setUp" is-config="true" duration-ms="13434" started-at="2018-10-24T01:05:55Z" finished-at="2018-10-24T01:06:09Z">
          <reporter-output>
          </reporter-output>
        </test-method> <!-- setUp -->
        <test-method status="PASS" signature="verifySavedContactTest(java.lang.String, java.lang.String, java.lang.String, java.lang.String, java.lang.String)[pri:3, instance:com.crm.qa.pageTest.contactsPageTest@57536d79]" name="verifySavedContactTest" duration-ms="1415" started-at="2018-10-24T01:06:09Z" data-provider="getContactsTestData" finished-at="2018-10-24T01:06:10Z">
          <params>
            <param index="0">
              <value>
                <![CDATA[Mrs.]]>
              </value>
            </param>
            <param index="1">
              <value>
                <![CDATA[Veerson1]]>
              </value>
            </param>
            <param index="2">
              <value>
                <![CDATA[Gupta]]>
              </value>
            </param>
            <param index="3">
              <value>
                <![CDATA[TCE]]>
              </value>
            </param>
            <param index="4">
              <value>
                <![CDATA[BGH]]>
              </value>
            </param>
          </params>
          <reporter-output>
          </reporter-output>
        </test-method> <!-- verifySavedContactTest -->
        <test-method status="PASS" signature="tearDown()[pri:0, instance:com.crm.qa.pageTest.contactsPageTest@57536d79]" name="tearDown" is-config="true" duration-ms="949" started-at="2018-10-24T01:06:10Z" finished-at="2018-10-24T01:06:11Z">
          <reporter-output>
          </reporter-output>
        </test-method> <!-- tearDown -->
        <test-method status="PASS" signature="setUp()[pri:0, instance:com.crm.qa.pageTest.contactsPageTest@57536d79]" name="setUp" is-config="true" duration-ms="15881" started-at="2018-10-24T01:06:11Z" finished-at="2018-10-24T01:06:27Z">
          <reporter-output>
          </reporter-output>
        </test-method> <!-- setUp -->
        <test-method status="PASS" signature="verifySavedContactTest(java.lang.String, java.lang.String, java.lang.String, java.lang.String, java.lang.String)[pri:3, instance:com.crm.qa.pageTest.contactsPageTest@57536d79]" name="verifySavedContactTest" duration-ms="1424" started-at="2018-10-24T01:06:27Z" data-provider="getContactsTestData" finished-at="2018-10-24T01:06:28Z">
          <params>
            <param index="0">
              <value>
                <![CDATA[Miss]]>
              </value>
            </param>
            <param index="1">
              <value>
                <![CDATA[Harson1]]>
              </value>
            </param>
            <param index="2">
              <value>
                <![CDATA[Kumar]]>
              </value>
            </param>
            <param index="3">
              <value>
                <![CDATA[TRU]]>
              </value>
            </param>
            <param index="4">
              <value>
                <![CDATA[TRY]]>
              </value>
            </param>
          </params>
          <reporter-output>
          </reporter-output>
        </test-method> <!-- verifySavedContactTest -->
        <test-method status="PASS" signature="tearDown()[pri:0, instance:com.crm.qa.pageTest.contactsPageTest@57536d79]" name="tearDown" is-config="true" duration-ms="1057" started-at="2018-10-24T01:06:28Z" finished-at="2018-10-24T01:06:30Z">
          <reporter-output>
          </reporter-output>
        </test-method> <!-- tearDown -->
        <test-method status="PASS" signature="setUp()[pri:0, instance:com.crm.qa.pageTest.contactsPageTest@57536d79]" name="setUp" is-config="true" duration-ms="13770" started-at="2018-10-24T01:06:30Z" finished-at="2018-10-24T01:06:43Z">
          <reporter-output>
          </reporter-output>
        </test-method> <!-- setUp -->
        <test-method status="PASS" signature="verifySavedContactTest(java.lang.String, java.lang.String, java.lang.String, java.lang.String, java.lang.String)[pri:3, instance:com.crm.qa.pageTest.contactsPageTest@57536d79]" name="verifySavedContactTest" duration-ms="1423" started-at="2018-10-24T01:06:43Z" data-provider="getContactsTestData" finished-at="2018-10-24T01:06:45Z">
          <params>
            <param index="0">
              <value>
                <![CDATA[Miss]]>
              </value>
            </param>
            <param index="1">
              <value>
                <![CDATA[Jeffrey1]]>
              </value>
            </param>
            <param index="2">
              <value>
                <![CDATA[Hoda]]>
              </value>
            </param>
            <param index="3">
              <value>
                <![CDATA[ERD]]>
              </value>
            </param>
            <param index="4">
              <value>
                <![CDATA[TED]]>
              </value>
            </param>
          </params>
          <reporter-output>
          </reporter-output>
        </test-method> <!-- verifySavedContactTest -->
        <test-method status="PASS" signature="tearDown()[pri:0, instance:com.crm.qa.pageTest.contactsPageTest@57536d79]" name="tearDown" is-config="true" duration-ms="850" started-at="2018-10-24T01:06:45Z" finished-at="2018-10-24T01:06:46Z">
          <reporter-output>
          </reporter-output>
        </test-method> <!-- tearDown -->
      </class> <!-- com.crm.qa.pageTest.contactsPageTest -->
      <class name="com.crm.qa.pageTest.calendarPageTest">
        <test-method status="PASS" signature="setUp()[pri:0, instance:com.crm.qa.pageTest.calendarPageTest@6ddf90b0]" name="setUp" is-config="true" duration-ms="12394" started-at="2018-10-24T01:02:56Z" finished-at="2018-10-24T01:03:08Z">
          <reporter-output>
          </reporter-output>
        </test-method> <!-- setUp -->
        <test-method status="PASS" signature="verifyCalenderWidgetTest()[pri:1, instance:com.crm.qa.pageTest.calendarPageTest@6ddf90b0]" name="verifyCalenderWidgetTest" duration-ms="58" started-at="2018-10-24T01:03:08Z" finished-at="2018-10-24T01:03:08Z">
          <reporter-output>
          </reporter-output>
        </test-method> <!-- verifyCalenderWidgetTest -->
        <test-method status="PASS" signature="tearDown()[pri:0, instance:com.crm.qa.pageTest.calendarPageTest@6ddf90b0]" name="tearDown" is-config="true" duration-ms="847" started-at="2018-10-24T01:03:08Z" finished-at="2018-10-24T01:03:09Z">
          <reporter-output>
          </reporter-output>
        </test-method> <!-- tearDown -->
        <test-method status="PASS" signature="setUp()[pri:0, instance:com.crm.qa.pageTest.calendarPageTest@6ddf90b0]" name="setUp" is-config="true" duration-ms="13618" started-at="2018-10-24T01:03:47Z" finished-at="2018-10-24T01:04:00Z">
          <reporter-output>
          </reporter-output>
        </test-method> <!-- setUp -->
        <test-method status="FAIL" signature="verifyDisplayedCurrentDateTest()[pri:2, instance:com.crm.qa.pageTest.calendarPageTest@6ddf90b0]" name="verifyDisplayedCurrentDateTest" duration-ms="1001" started-at="2018-10-24T01:04:00Z" finished-at="2018-10-24T01:04:01Z">
          <exception class="java.lang.AssertionError">
            <message>
              <![CDATA[expected [October 23Today 2018] but found [October 24Today 2018]]]>
            </message>
            <full-stacktrace>
              <![CDATA[java.lang.AssertionError: expected [October 23Today 2018] but found [October 24Today 2018]
at org.testng.Assert.fail(Assert.java:96)
at org.testng.Assert.failNotEquals(Assert.java:776)
at org.testng.Assert.assertEqualsImpl(Assert.java:137)
at org.testng.Assert.assertEquals(Assert.java:118)
at org.testng.Assert.assertEquals(Assert.java:453)
at org.testng.Assert.assertEquals(Assert.java:463)
at com.crm.qa.pageTest.calendarPageTest.verifyDisplayedCurrentDateTest(calendarPageTest.java:63)
at sun.reflect.NativeMethodAccessorImpl.invoke0(Native Method)
at sun.reflect.NativeMethodAccessorImpl.invoke(NativeMethodAccessorImpl.java:62)
at sun.reflect.DelegatingMethodAccessorImpl.invoke(DelegatingMethodAccessorImpl.java:43)
at java.lang.reflect.Method.invoke(Method.java:498)
at org.testng.internal.MethodInvocationHelper.invokeMethod(MethodInvocationHelper.java:124)
at org.testng.internal.Invoker.invokeMethod(Invoker.java:583)
at org.testng.internal.Invoker.invokeTestMethod(Invoker.java:719)
at org.testng.internal.Invoker.invokeTestMethods(Invoker.java:989)
at org.testng.internal.TestMethodWorker.invokeTestMethods(TestMethodWorker.java:125)
at org.testng.internal.TestMethodWorker.run(TestMethodWorker.java:109)
at java.util.concurrent.ThreadPoolExecutor.runWorker(ThreadPoolExecutor.java:1149)
at java.util.concurrent.ThreadPoolExecutor$Worker.run(ThreadPoolExecutor.java:624)
at java.lang.Thread.run(Thread.java:748)
]]>
            </full-stacktrace>
          </exception> <!-- java.lang.AssertionError -->
          <reporter-output>
          </reporter-output>
        </test-method> <!-- verifyDisplayedCurrentDateTest -->
        <test-method status="PASS" signature="tearDown()[pri:0, instance:com.crm.qa.pageTest.calendarPageTest@6ddf90b0]" name="tearDown" is-config="true" duration-ms="1747" started-at="2018-10-24T01:04:01Z" finished-at="2018-10-24T01:04:03Z">
          <reporter-output>
          </reporter-output>
        </test-method> <!-- tearDown -->
      </class> <!-- com.crm.qa.pageTest.calendarPageTest -->
      <class name="com.crm.qa.pageTest.loginPageTest">
        <test-method status="PASS" signature="setUp()[pri:0, instance:com.crm.qa.pageTest.loginPageTest@eec5a4a]" name="setUp" is-config="true" duration-ms="11103" started-at="2018-10-24T01:02:29Z" finished-at="2018-10-24T01:02:40Z">
          <reporter-output>
          </reporter-output>
        </test-method> <!-- setUp -->
        <test-method status="PASS" signature="validateLoginPageTitleTest()[pri:1, instance:com.crm.qa.pageTest.loginPageTest@eec5a4a]" name="validateLoginPageTitleTest" duration-ms="50" started-at="2018-10-24T01:02:40Z" finished-at="2018-10-24T01:02:40Z">
          <reporter-output>
          </reporter-output>
        </test-method> <!-- validateLoginPageTitleTest -->
        <test-method status="PASS" signature="tearDown()[pri:0, instance:com.crm.qa.pageTest.loginPageTest@eec5a4a]" name="tearDown" is-config="true" duration-ms="1159" started-at="2018-10-24T01:02:40Z" finished-at="2018-10-24T01:02:41Z">
          <reporter-output>
          </reporter-output>
        </test-method> <!-- tearDown -->
        <test-method status="PASS" signature="setUp()[pri:0, instance:com.crm.qa.pageTest.loginPageTest@eec5a4a]" name="setUp" is-config="true" duration-ms="8142" started-at="2018-10-24T01:03:24Z" finished-at="2018-10-24T01:03:33Z">
          <reporter-output>
          </reporter-output>
        </test-method> <!-- setUp -->
        <test-method status="PASS" signature="validateCRMLogoImageTest()[pri:2, instance:com.crm.qa.pageTest.loginPageTest@eec5a4a]" name="validateCRMLogoImageTest" duration-ms="97" started-at="2018-10-24T01:03:33Z" finished-at="2018-10-24T01:03:33Z">
          <reporter-output>
          </reporter-output>
        </test-method> <!-- validateCRMLogoImageTest -->
        <test-method status="PASS" signature="tearDown()[pri:0, instance:com.crm.qa.pageTest.loginPageTest@eec5a4a]" name="tearDown" is-config="true" duration-ms="810" started-at="2018-10-24T01:03:33Z" finished-at="2018-10-24T01:03:33Z">
          <reporter-output>
          </reporter-output>
        </test-method> <!-- tearDown -->
        <test-method status="PASS" signature="setUp()[pri:0, instance:com.crm.qa.pageTest.loginPageTest@eec5a4a]" name="setUp" is-config="true" duration-ms="11162" started-at="2018-10-24T01:05:19Z" finished-at="2018-10-24T01:05:30Z">
          <reporter-output>
          </reporter-output>
        </test-method> <!-- setUp -->
        <test-method status="PASS" signature="loginTest()[pri:3, instance:com.crm.qa.pageTest.loginPageTest@eec5a4a]" name="loginTest" duration-ms="5553" started-at="2018-10-24T01:05:30Z" finished-at="2018-10-24T01:05:36Z">
          <reporter-output>
          </reporter-output>
        </test-method> <!-- loginTest -->
        <test-method status="PASS" signature="tearDown()[pri:0, instance:com.crm.qa.pageTest.loginPageTest@eec5a4a]" name="tearDown" is-config="true" duration-ms="834" started-at="2018-10-24T01:05:36Z" finished-at="2018-10-24T01:05:36Z">
          <reporter-output>
          </reporter-output>
        </test-method> <!-- tearDown -->
      </class> <!-- com.crm.qa.pageTest.loginPageTest -->
    </test> <!-- CRM TEST -->
  </suite> <!-- CRMPRE TEST -->
</testng-results>
